diff.astextplain.textconv=astextplain
filter.lfs.clean=git-lfs clean -- %f
filter.lfs.smudge=git-lfs smudge -- %f
filter.lfs.process=git-lfs filter-process
filter.lfs.required=true
http.sslbackend=openssl
http.sslcainfo=C:/Users/xiaoya.a.zhang/AppData/Local/Programs/Git/mingw64/ssl/certs/ca-bundle.crt
core.autocrlf=true
core.fscache=true
core.symlinks=false
pull.rebase=false
credential.helper=manager-core
credential.https://dev.azure.com.usehttppath=true
init.defaultbranch=master
user.email=xiaoya.a.zhang@accenture.com
user.name=zhaxiaoy
gui.recentrepo=C:/Users/xiaoya.a.zhang/Desktop/workspace/FAQbot-PoC-bot-src1
core.repositoryformatversion=0
core.filemode=false
core.bare=false
core.logallrefupdates=true
core.symlinks=false
core.ignorecase=true
gui.wmstate=normal
gui.geometry=1322x693+114+114 254 315
remote.bot.url=git@github.com:zhaxiaoy/bot123.git
remote.bot.fetch=+refs/heads/*:refs/remotes/bot/*
remote.bot123.url=https://git@github.com:zhaxiaoy/bot123.git
remote.bot123.fetch=+refs/heads/*:refs/remotes/bot123/*
remote.bot12.url=https://faqbot-poc-bot.azurewebsites.net
remote.bot12.fetch=+refs/heads/*:refs/remotes/bot12/*
remote.azure.url=https://botservicezhang.scm.azurewebsites.net:443/botservicezhang.git
remote.azure.fetch=+refs/heads/*:refs/remotes/azure/*
